================================================================================
2021-07-06 05:01:11,109
DeepSwarm settings
================================================================================
================================================================================
2021-07-06 05:01:11,111
{
    "DeepSwarm": {
        "aco": {
            "ant_count": 16,
            "greediness": 0.5,
            "pheromone": {
                "decay": 0.1,
                "evaporation": 0.1,
                "start": 0.1,
                "verbose": false
            }
        },
        "backend": {
            "batch_size": 64,
            "epochs": 15,
            "loss": "sparse_categorical_crossentropy",
            "patience": 5,
            "verbose": false
        },
        "flat_nodes": [
            "FlattenNode",
            "DenseNode",
            "DropoutFlatNode",
            "BatchNormalizationFlatNode"
        ],
        "max_depth": 15,
        "metrics": "accuracy",
        "reuse_patience": 1,
        "save_folder": null,
        "spatial_nodes": [
            "InputNode",
            "Conv2DNode",
            "DropoutSpatialNode",
            "BatchNormalizationNode",
            "Pool2DNode"
        ]
    },
    "Nodes": {
        "BatchNormalizationFlatNode": {
            "attributes": {},
            "transitions": {
                "DenseNode": 1.1,
                "DropoutFlatNode": 1.1,
                "OutputNode": 0.9
            },
            "type": "BatchNormalization"
        },
        "BatchNormalizationNode": {
            "attributes": {},
            "transitions": {
                "Conv2DNode": 1.1,
                "DropoutSpatialNode": 1.0,
                "FlattenNode": 1.0,
                "Pool2DNode": 1.1
            },
            "type": "BatchNormalization"
        },
        "Conv2DNode": {
            "attributes": {
                "activation": [
                    "ReLU"
                ],
                "filter_count": [
                    32,
                    64,
                    128
                ],
                "kernel_size": [
                    1,
                    3,
                    5
                ]
            },
            "transitions": {
                "BatchNormalizationNode": 1.2,
                "Conv2DNode": 0.8,
                "DropoutSpatialNode": 1.1,
                "FlattenNode": 1.0,
                "Pool2DNode": 1.2
            },
            "type": "Conv2D"
        },
        "DenseNode": {
            "attributes": {
                "activation": [
                    "ReLU",
                    "Sigmoid"
                ],
                "output_size": [
                    64,
                    128
                ]
            },
            "transitions": {
                "BatchNormalizationFlatNode": 1.2,
                "DenseNode": 0.8,
                "DropoutFlatNode": 1.2,
                "OutputNode": 1.0
            },
            "type": "Dense"
        },
        "DropoutFlatNode": {
            "attributes": {
                "rate": [
                    0.1,
                    0.3
                ]
            },
            "transitions": {
                "BatchNormalizationFlatNode": 1.0,
                "DenseNode": 1.0,
                "OutputNode": 0.9
            },
            "type": "Dropout"
        },
        "DropoutSpatialNode": {
            "attributes": {
                "rate": [
                    0.1,
                    0.3
                ]
            },
            "transitions": {
                "BatchNormalizationNode": 1.1,
                "Conv2DNode": 1.1,
                "FlattenNode": 1.0,
                "Pool2DNode": 1.0
            },
            "type": "Dropout"
        },
        "FlattenNode": {
            "attributes": {},
            "transitions": {
                "BatchNormalizationFlatNode": 0.9,
                "DenseNode": 1.0,
                "OutputNode": 0.8
            },
            "type": "Flatten"
        },
        "InputNode": {
            "attributes": {
                "shape": [
                    [
                        28,
                        28,
                        1
                    ]
                ]
            },
            "transitions": {
                "Conv2DNode": 1.0
            },
            "type": "Input"
        },
        "OutputNode": {
            "attributes": {
                "activation": [
                    "Softmax"
                ],
                "output_size": [
                    10
                ]
            },
            "transitions": {},
            "type": "Output"
        },
        "Pool2DNode": {
            "attributes": {
                "pool_size": [
                    2
                ],
                "pool_type": [
                    "max",
                    "average"
                ],
                "stride": [
                    2,
                    3
                ]
            },
            "transitions": {
                "BatchNormalizationNode": 1.1,
                "Conv2DNode": 1.1,
                "FlattenNode": 1.0
            },
            "type": "Pool2D"
        }
    },
    "script": "retinopathy.py",
    "settings_file": "/nfs/Workspace/deep_swarm/settings/default.yaml"
}
================================================================================
================================================================================
2021-07-06 05:01:11,111
STARTING ACO SEARCH
================================================================================
