================================================================================
2021-07-06 05:11:27,993
DeepSwarm settings
================================================================================
================================================================================
2021-07-06 05:11:27,994
{
    "DeepSwarm": {
        "aco": {
            "ant_count": 4,
            "greediness": 0.5,
            "pheromone": {
                "decay": 0.1,
                "evaporation": 0.1,
                "start": 0.1,
                "verbose": false
            }
        },
        "backend": {
            "batch_size": 64,
            "epochs": 1,
            "loss": "sparse_categorical_crossentropy",
            "patience": 5,
            "verbose": false
        },
        "flat_nodes": [
            "FlattenNode",
            "DenseNode",
            "DropoutFlatNode",
            "BatchNormalizationFlatNode"
        ],
        "max_depth": 2,
        "metrics": "accuracy",
        "reuse_patience": 1,
        "save_folder": null,
        "spatial_nodes": [
            "InputNode",
            "Conv2DNode",
            "DropoutSpatialNode",
            "BatchNormalizationNode",
            "Pool2DNode"
        ]
    },
    "Nodes": {
        "BatchNormalizationFlatNode": {
            "attributes": {},
            "transitions": {
                "DenseNode": 1.1,
                "DropoutFlatNode": 1.1,
                "OutputNode": 0.9
            },
            "type": "BatchNormalization"
        },
        "BatchNormalizationNode": {
            "attributes": {},
            "transitions": {
                "Conv2DNode": 1.1,
                "DropoutSpatialNode": 1.0,
                "FlattenNode": 1.0,
                "Pool2DNode": 1.1
            },
            "type": "BatchNormalization"
        },
        "Conv2DNode": {
            "attributes": {
                "activation": [
                    "ReLU"
                ],
                "filter_count": [
                    32,
                    64,
                    128
                ],
                "kernel_size": [
                    1,
                    3,
                    5
                ]
            },
            "transitions": {
                "BatchNormalizationNode": 1.2,
                "Conv2DNode": 0.8,
                "DropoutSpatialNode": 1.1,
                "FlattenNode": 1.0,
                "Pool2DNode": 1.2
            },
            "type": "Conv2D"
        },
        "DenseNode": {
            "attributes": {
                "activation": [
                    "ReLU",
                    "Sigmoid"
                ],
                "output_size": [
                    64,
                    128
                ]
            },
            "transitions": {
                "BatchNormalizationFlatNode": 1.2,
                "DenseNode": 0.8,
                "DropoutFlatNode": 1.2,
                "OutputNode": 1.0
            },
            "type": "Dense"
        },
        "DropoutFlatNode": {
            "attributes": {
                "rate": [
                    0.1,
                    0.3
                ]
            },
            "transitions": {
                "BatchNormalizationFlatNode": 1.0,
                "DenseNode": 1.0,
                "OutputNode": 0.9
            },
            "type": "Dropout"
        },
        "DropoutSpatialNode": {
            "attributes": {
                "rate": [
                    0.1,
                    0.3
                ]
            },
            "transitions": {
                "BatchNormalizationNode": 1.1,
                "Conv2DNode": 1.1,
                "FlattenNode": 1.0,
                "Pool2DNode": 1.0
            },
            "type": "Dropout"
        },
        "FlattenNode": {
            "attributes": {},
            "transitions": {
                "BatchNormalizationFlatNode": 0.9,
                "DenseNode": 1.0,
                "OutputNode": 0.8
            },
            "type": "Flatten"
        },
        "InputNode": {
            "attributes": {
                "shape": [
                    [
                        128,
                        128,
                        3
                    ]
                ]
            },
            "transitions": {
                "Conv2DNode": 1.0
            },
            "type": "Input"
        },
        "OutputNode": {
            "attributes": {
                "activation": [
                    "Softmax"
                ],
                "output_size": [
                    10
                ]
            },
            "transitions": {},
            "type": "Output"
        },
        "Pool2DNode": {
            "attributes": {
                "pool_size": [
                    2
                ],
                "pool_type": [
                    "max",
                    "average"
                ],
                "stride": [
                    2,
                    3
                ]
            },
            "transitions": {
                "BatchNormalizationNode": 1.1,
                "Conv2DNode": 1.1,
                "FlattenNode": 1.0
            },
            "type": "Pool2D"
        }
    },
    "script": "retinopathy.py",
    "settings_file": "/nfs/Workspace/deep_swarm/settings/default.yaml"
}
================================================================================
================================================================================
2021-07-06 05:11:27,995
STARTING ACO SEARCH
================================================================================
================================================================================
2021-07-06 05:11:30,131
======= 
 Ant: 0x7f7c1d5de518 
 Loss: 2561.714844 
 Accuracy: 0.000000 
 Path: InputNode(shape:(128, 128, 3)) -> Conv2DNode(filter_count:32, kernel_size:3, activation:ReLU) -> FlattenNode() -> OutputNode(output_size:10, activation:Softmax) 
 Hash: 0a3cabcc683e18fe0898b26fb1d97eb760a38d8b43cd703ce33430d5effc1cbe 
=======
================================================================================
================================================================================
2021-07-06 05:11:30,131
Current search depth is 1
================================================================================
================================================================================
2021-07-06 05:11:30,131
GENERATING ANT 1
================================================================================
================================================================================
2021-07-06 05:11:35,519
======= 
 Ant: 0x7f7c184473c8 
 Loss: 7984.903320 
 Accuracy: 0.080000 
 Path: InputNode(shape:(128, 128, 3)) -> Conv2DNode(filter_count:128, kernel_size:3, activation:ReLU) -> FlattenNode() -> OutputNode(output_size:10, activation:Softmax) 
 Hash: 4440d70e157f2dac49263d5ad9ab14279dc35929934830b08061a26a36e78a5d 
=======
================================================================================
================================================================================
2021-07-06 05:11:35,519
GENERATING ANT 2
================================================================================
================================================================================
2021-07-06 05:11:38,212
======= 
 Ant: 0x7f7bbe49c6a0 
 Loss: 7387.122559 
 Accuracy: 0.040000 
 Path: InputNode(shape:(128, 128, 3)) -> Conv2DNode(filter_count:64, kernel_size:3, activation:ReLU) -> FlattenNode() -> OutputNode(output_size:10, activation:Softmax) 
 Hash: e3e9d5fcbc086621d9acadecdda87b0a09e9e1743322cd7613394cdf7a8efc93 
=======
================================================================================
================================================================================
2021-07-06 05:11:38,213
GENERATING ANT 3
================================================================================
================================================================================
2021-07-06 05:11:40,235
======= 
 Ant: 0x7f7bbbbda4e0 
 Loss: 1843.481567 
 Accuracy: 0.480000 
 Path: InputNode(shape:(128, 128, 3)) -> Conv2DNode(filter_count:32, kernel_size:3, activation:ReLU) -> FlattenNode() -> OutputNode(output_size:10, activation:Softmax) 
 Hash: 0a3cabcc683e18fe0898b26fb1d97eb760a38d8b43cd703ce33430d5effc1cbe 
=======
================================================================================
================================================================================
2021-07-06 05:11:40,235
GENERATING ANT 4
================================================================================
================================================================================
2021-07-06 05:11:42,757
======= 
 Ant: 0x7f7bbe485a20 
 Loss: 9291.808594 
 Accuracy: 0.000000 
 Path: InputNode(shape:(128, 128, 3)) -> Conv2DNode(filter_count:64, kernel_size:3, activation:ReLU) -> FlattenNode() -> OutputNode(output_size:10, activation:Softmax) 
 Hash: e3e9d5fcbc086621d9acadecdda87b0a09e9e1743322cd7613394cdf7a8efc93 
=======
================================================================================
================================================================================
2021-07-06 05:11:42,757
NEW BEST ANT FOUND
================================================================================
================================================================================
2021-07-06 05:11:42,757
BEST ANT DURING ITERATION
================================================================================
================================================================================
2021-07-06 05:11:42,757
======= 
 Ant: 0x7f7bbbbda4e0 
 Loss: 1843.481567 
 Accuracy: 0.480000 
 Path: InputNode(shape:(128, 128, 3)) -> Conv2DNode(filter_count:32, kernel_size:3, activation:ReLU) -> FlattenNode() -> OutputNode(output_size:10, activation:Softmax) 
 Hash: 0a3cabcc683e18fe0898b26fb1d97eb760a38d8b43cd703ce33430d5effc1cbe 
=======
================================================================================
================================================================================
2021-07-06 05:11:42,770
Current search depth is 2
================================================================================
================================================================================
2021-07-06 05:11:42,771
GENERATING ANT 1
================================================================================
================================================================================
2021-07-06 05:11:44,011
======= 
 Ant: 0x7f7b2f7d8438 
 Loss: 517.287048 
 Accuracy: 0.080000 
 Path: InputNode(shape:(128, 128, 3)) -> Conv2DNode(filter_count:64, kernel_size:1, activation:ReLU) -> Pool2DNode(pool_type:max, pool_size:2, stride:3) -> FlattenNode() -> OutputNode(output_size:10, activation:Softmax) 
 Hash: 36b335f76660f253dbf2b58b4da7ba2b0973d171de8b16defd11f15a6e975cee 
=======
================================================================================
================================================================================
2021-07-06 05:11:44,012
GENERATING ANT 2
================================================================================
================================================================================
2021-07-06 05:11:46,990
======= 
 Ant: 0x7f7bc0c7e550 
 Loss: 1749.228760 
 Accuracy: 0.080000 
 Path: InputNode(shape:(128, 128, 3)) -> Conv2DNode(filter_count:32, kernel_size:1, activation:ReLU) -> Conv2DNode(filter_count:32, kernel_size:5, activation:ReLU) -> FlattenNode() -> OutputNode(output_size:10, activation:Softmax) 
 Hash: 56fea09fd3c496097b0812636fa588da290d3cd6a4385f86cd9909846ff1811a 
=======
================================================================================
================================================================================
2021-07-06 05:11:46,990
GENERATING ANT 3
================================================================================
================================================================================
2021-07-06 05:11:51,532
======= 
 Ant: 0x7f7bb6fc58d0 
 Loss: 687.037354 
 Accuracy: 0.840000 
 Path: InputNode(shape:(128, 128, 3)) -> Conv2DNode(filter_count:64, kernel_size:3, activation:ReLU) -> BatchNormalizationNode() -> FlattenNode() -> OutputNode(output_size:10, activation:Softmax) 
 Hash: 67de7d9d082b855215f1b143ac4824d14affa568317f7dc8cd8831c10003b04a 
=======
================================================================================
================================================================================
2021-07-06 05:11:51,532
GENERATING ANT 4
================================================================================
================================================================================
2021-07-06 05:11:53,270
======= 
 Ant: 0x7f7bb6db2da0 
 Loss: 2341.729004 
 Accuracy: 0.000000 
 Path: InputNode(shape:(128, 128, 3)) -> Conv2DNode(filter_count:128, kernel_size:5, activation:ReLU) -> Pool2DNode(pool_type:max, pool_size:2, stride:3) -> FlattenNode() -> OutputNode(output_size:10, activation:Softmax) 
 Hash: 9acbce0f87607641e4a8edcb372a211b2c8620b53c9ed9edac4d74ef2bed3124 
=======
================================================================================
================================================================================
2021-07-06 05:11:53,271
NEW BEST ANT FOUND
================================================================================
================================================================================
2021-07-06 05:11:53,271
BEST ANT DURING ITERATION
================================================================================
================================================================================
2021-07-06 05:11:53,271
======= 
 Ant: 0x7f7bb6fc58d0 
 Loss: 687.037354 
 Accuracy: 0.840000 
 Path: InputNode(shape:(128, 128, 3)) -> Conv2DNode(filter_count:64, kernel_size:3, activation:ReLU) -> BatchNormalizationNode() -> FlattenNode() -> OutputNode(output_size:10, activation:Softmax) 
 Hash: 67de7d9d082b855215f1b143ac4824d14affa568317f7dc8cd8831c10003b04a 
=======
================================================================================
================================================================================
2021-07-06 05:11:54,296
EVALUATING PERFORMANCE ON TEST SET
================================================================================
================================================================================
2021-07-06 05:11:54,365
Accuracy is 0.840000 and loss is 687.037354
================================================================================
================================================================================
2021-07-06 05:12:03,340
EVALUATING PERFORMANCE ON TEST SET
================================================================================
================================================================================
2021-07-06 05:12:03,408
Accuracy is 0.840000 and loss is 687.037354
================================================================================
